<?xml version="1.0" encoding="UTF-8"?>
<testsuite name="testShoval" tests="4" skipped="0" failures="0" errors="0" timestamp="2020-06-08T14:04:15" hostname="DESKTOP-MJF5G4U" time="0.002">
  <properties/>
  <testcase name="testCollectIntelligence" classname="testShoval" time="0.0"/>
  <testcase name="testBda" classname="testShoval" time="0.0"/>
  <testcase name="testRepairShoval" classname="testShoval" time="0.0"/>
  <testcase name="testAttack" classname="testShoval" time="0.0"/>
  <system-out><![CDATA[]]></system-out>
  <system-err><![CDATA[]]></system-err>
</testsuite>
