<?xml version="1.0" encoding="UTF-8"?>
<testsuite name="testF15" tests="3" skipped="0" failures="0" errors="0" timestamp="2020-06-08T14:04:15" hostname="DESKTOP-MJF5G4U" time="0.001">
  <properties/>
  <testcase name="testCollectIntelligence" classname="testF15" time="0.0"/>
  <testcase name="testBdaNotImplemented" classname="testF15" time="0.001"/>
  <testcase name="testAttack" classname="testF15" time="0.0"/>
  <system-out><![CDATA[]]></system-out>
  <system-err><![CDATA[]]></system-err>
</testsuite>
